[phyzioline.vercel.app/client-dashboard/student-dashboard.html]
[phyzioline.vercel.app/website/index.html]
[backblue.gif]
[fade.gif]
[index.html]
[cdn.jsdelivr.net/npm/bootstrap@5.3.0/dist/css/bootstrap.min.css]
[cdnjs.cloudflare.com/ajax/libs/font-awesome/6.4.0/css/all.min.css]
[cdn.jsdelivr.net/npm/chart.js]
[phyzioline.vercel.app/assets/css/style.css]
[phyzioline.vercel.app/client-dashboard/student-appointments.html]
[phyzioline.vercel.app/client-dashboard/student-medical-records.html]
[phyzioline.vercel.app/client-dashboard/student-courses.html]
[phyzioline.vercel.app/client-dashboard/student-payments.html]
[phyzioline.vercel.app/client-dashboard/student-profile.html]
[phyzioline.vercel.app/client-dashboard/student-notifications.html]
[phyzioline.vercel.app/client-dashboard/index.c.delayed]
[phyzioline.vercel.app/client-dashboard/login.d.delayed]
[cdn.jsdelivr.net/npm/bootstrap@5.3.0/dist/js/bootstrap.bundle.min.js]
[phyzioline.vercel.app/client-dashboard/student-dashboard.html]
[code.jquery.com/jquery-3.7.0.min.js]
[phyzioline.vercel.app/website/doctors.html]
[phyzioline.vercel.app/website/jobs.html]
[phyzioline.vercel.app/website/courses.html]
[phyzioline.vercel.app/website/products.html]
[phyzioline.vercel.app/website/about.html]
[phyzioline.vercel.app/website/contact.html]
[phyzioline.vercel.app/website/shopping-cart.html]
[phyzioline.vercel.app/website/notification.html]
[phyzioline.vercel.app/website/login.html]
[phyzioline.vercel.app/assets/images/hero-consultation.jpg]
[phyzioline.vercel.app/assets/images/doctor-patient.jpg]
[phyzioline.vercel.app/assets/images/virtual-consultation.jpg]
[phyzioline.vercel.app/website/register.html]
[phyzioline.vercel.app/website/order-tracking.1d.delayed]
[phyzioline.vercel.app/website/faq.html]
[phyzioline.vercel.app/website/profile.html]
[phyzioline.vercel.app/assets/js/main.js]
[phyzioline.vercel.app/assets/js/fixed_header.js]
[phyzioline.vercel.app/website/index.html]
[cdn.jsdelivr.net/npm/bootstrap@5.3.0/dist/css/bootstrap.min.css]
[cdnjs.cloudflare.com/ajax/libs/font-awesome/6.4.0/css/all.min.css]
[phyzioline.vercel.app/assets/css/style.css]
[phyzioline.vercel.app/client-dashboard/student-appointments.html]
[phyzioline.vercel.app/client-dashboard/student-medical-records.html]
[phyzioline.vercel.app/client-dashboard/student-courses.html]
[phyzioline.vercel.app/client-dashboard/student-payments.html]
[phyzioline.vercel.app/client-dashboard/student-profile.html]
[phyzioline.vercel.app/client-dashboard/student-notifications.html]
[phyzioline.vercel.app/client-dashboard/index.html]
[phyzioline.vercel.app/client-dashboard/login.html]
[phyzioline.vercel.app/assets/images/medical-education.jpg]
[phyzioline.vercel.app/website/doctors.html]
[phyzioline.vercel.app/assets/images/job-nurse.23.delayed]
[phyzioline.vercel.app/website/job-details.html]
[phyzioline.vercel.app/website/apply-job.html]
[phyzioline.vercel.app/assets/images/job-doctor.26.delayed]
[phyzioline.vercel.app/assets/images/job-admin.27.delayed]
[phyzioline.vercel.app/assets/images/job-tech.28.delayed]
[phyzioline.vercel.app/website/jobs.html]
[phyzioline.vercel.app/assets/images/course-cardiology.29.delayed]
[phyzioline.vercel.app/website/course-details.html]
[phyzioline.vercel.app/website/enroll-course.html]
[phyzioline.vercel.app/assets/images/course-nursing.2c.delayed]
[phyzioline.vercel.app/assets/images/course-surgery.2d.delayed]
[phyzioline.vercel.app/assets/images/course-pediatrics.2e.delayed]
[phyzioline.vercel.app/website/courses.html]
[phyzioline.vercel.app/assets/images/medical-equipment-hero.2f.delayed]
[phyzioline.vercel.app/website/products.html]
[phyzioline.vercel.app/website/about.html]
[phyzioline.vercel.app/website/contact.html]
[phyzioline.vercel.app/website/shopping-cart.html]
[phyzioline.vercel.app/website/checkout.html]
[phyzioline.vercel.app/website/notification.html]
[phyzioline.vercel.app/website/login.html]
[phyzioline.vercel.app/website/register.html]
[phyzioline.vercel.app/website/order-tracking.html]
[phyzioline.vercel.app/website/faq.html]
[phyzioline.vercel.app/website/profile.html]
[phyzioline.vercel.app/assets/images/job-nurse.html]
[phyzioline.vercel.app/website/payment.html]
[phyzioline.vercel.app/website/job-details.html]
[phyzioline.vercel.app/website/apply-job.html]
[phyzioline.vercel.app/assets/images/job-doctor.html]
[phyzioline.vercel.app/assets/images/job-admin.html]
[phyzioline.vercel.app/assets/images/job-tech.html]
[phyzioline.vercel.app/assets/images/course-cardiology.html]
[phyzioline.vercel.app/website/company-profile.html]
[phyzioline.vercel.app/assets/images/doctor-profile-michael.33.delayed]
[phyzioline.vercel.app/website/doctor-profile.34.delayed]
[phyzioline.vercel.app/website/course-details.html]
[phyzioline.vercel.app/website/enroll-course.html]
[phyzioline.vercel.app/assets/images/course-nursing.html]
[phyzioline.vercel.app/assets/images/course-surgery.html]
[phyzioline.vercel.app/assets/images/course-pediatrics.html]
[phyzioline.vercel.app/assets/images/medical-equipment-hero.html]
[phyzioline.vercel.app/website/checkout.html]
[phyzioline.vercel.app/website/payment.html]
[phyzioline.vercel.app/website/company-profile.html]
[phyzioline.vercel.app/assets/images/doctor-profile-michael.html]
[phyzioline.vercel.app/website/doctor-profile.html]
[phyzioline.vercel.app/website/order-confirmation.html]
[phyzioline.vercel.app/website/order-confirmation.html]
